<?xml version="1.0" encoding="UTF-8"?>
<!-- Generated by org.testng.reporters.JUnitXMLReporter -->
<testsuite ignored="0" hostname="LAPTOP-K8D783Q9" failures="0" tests="10" name="Free CRM App Test Cases" time="87.661" errors="0" timestamp="25 Jul 2024 02:58:20 GMT">
  <testcase classname="com.crm.qa.testcases.LoginPageTestCases" name="verifyTitleTest" time="0.012"/>
  <testcase classname="com.crm.qa.testcases.ContactsPageTestCases" name="verifyContactsLable" time="0.096"/>
  <testcase classname="com.crm.qa.testcases.HomePageTestCases" name="verifyHomePageTitleTest" time="0.0"/>
  <testcase classname="com.crm.qa.testcases.LoginPageTestCases" name="validateCrmLogoImage" time="0.037"/>
  <testcase classname="com.crm.qa.testcases.ContactsPageTestCases" name="selectContactsCheckboxs" time="0.178"/>
  <testcase classname="com.crm.qa.testcases.HomePageTestCases" name="verifyUserNameTest" time="0.065"/>
  <testcase classname="com.crm.qa.testcases.LoginPageTestCases" name="loginTest" time="5.35"/>
  <testcase classname="com.crm.qa.testcases.HomePageTestCases" name="verifyClickOnContactsTest" time="0.891"/>
  <testcase classname="com.crm.qa.testcases.HomePageTestCases" name="verifyNewMessageCreationTest" time="2.904"/>
  <testcase classname="com.crm.qa.testcases.HomePageTestCases" name="verifyNewMessageCreationTest" time="3.262"/>
</testsuite> <!-- Free CRM App Test Cases -->
